[{"line":1,"elements":[{"start_timestamp":"2025-09-19T06:33:49.251Z","before":[{"result":{"duration":5478920200,"status":"passed"},"match":{"location":"StepDefinitions.LoginPageTest.setUp(io.cucumber.java.Scenario)"}}],"line":3,"name":"Register using valid details to login the Website","description":"","id":"test-the-saucedemo-user-login;register-using-valid-details-to-login-the-website","after":[{"result":{"duration":229808500,"status":"passed"},"match":{"location":"StepDefinitions.LoginPageTest.tearDown(io.cucumber.java.Scenario)"}}],"type":"scenario","keyword":"Scenario","steps":[{"result":{"duration":1331440600,"status":"passed"},"line":4,"name":"user navigates to Register Page","match":{"location":"StepDefinitions.LoginPageTest.userNavigatesToRegisterPage()"},"keyword":"Given "},{"result":{"duration":119295300,"status":"passed"},"line":5,"name":"Verify the RegisterPage Title","match":{"location":"StepDefinitions.LoginPageTest.verifyRegisterPageTitle()"},"keyword":"When "},{"result":{"duration":2710427200,"status":"passed"},"line":6,"name":"Enter Valid details","match":{"location":"StepDefinitions.LoginPageTest.enterValidDetails()"},"keyword":"Then "}],"tags":[{"name":"@sanity"},{"name":"@TC001"}]},{"start_timestamp":"2025-09-19T06:33:59.158Z","before":[{"result":{"error_message":"java.lang.RuntimeException: Browser not specified in config.properties\r\n\tat base.BaseTest.launchBrowser(BaseTest.java:40)\r\n\tat StepDefinitions.LoginPageTest.setUp(LoginPageTest.java:31)\r\n","duration":3001100,"status":"failed"},"match":{"location":"StepDefinitions.LoginPageTest.setUp(io.cucumber.java.Scenario)"}}],"line":9,"name":"Login using valid username and password","description":"","id":"test-the-saucedemo-user-login;login-using-valid-username-and-password","after":[{"result":{"error_message":"org.openqa.selenium.NoSuchSessionException: Session ID is null. Using WebDriver after calling quit()?\nBuild info: version: '4.25.0', revision: '8a8aea2337'\nSystem info: os.name: 'Windows 11', os.arch: 'amd64', os.version: '10.0', java.version: '22.0.2'\nDriver info: org.openqa.selenium.chrome.ChromeDriver\nCommand: [null, screenshot {}]\nCapabilities {acceptInsecureCerts: false, browserName: chrome, browserVersion: 140.0.7339.128, chrome: {chromedriverVersion: 140.0.7339.82 (bc93617e21c3..., userDataDir: C:\\Users\\thiru\\AppData\\Loca...}, fedcm:accounts: true, goog:chromeOptions: {debuggerAddress: localhost:55641}, networkConnectionEnabled: false, pageLoadStrategy: normal, platformName: windows, proxy: Proxy(), se:cdp: ws://localhost:55641/devtoo..., se:cdpVersion: 140.0.7339.128, setWindowRect: true, strictFileInteractability: false, timeouts: {implicit: 0, pageLoad: 300000, script: 30000}, unhandledPromptBehavior: dismiss and notify, webauthn:extension:credBlob: true, webauthn:extension:largeBlob: true, webauthn:extension:minPinLength: true, webauthn:extension:prf: true, webauthn:virtualAuthenticators: true}\r\n\tat org.openqa.selenium.remote.HttpCommandExecutor.execute(HttpCommandExecutor.java:151)\r\n\tat org.openqa.selenium.remote.service.DriverCommandExecutor.invokeExecute(DriverCommandExecutor.java:216)\r\n\tat org.openqa.selenium.remote.service.DriverCommandExecutor.execute(DriverCommandExecutor.java:174)\r\n\tat org.openqa.selenium.remote.RemoteWebDriver.execute(RemoteWebDriver.java:545)\r\n\tat org.openqa.selenium.remote.RemoteWebDriver.execute(RemoteWebDriver.java:618)\r\n\tat org.openqa.selenium.remote.RemoteWebDriver.execute(RemoteWebDriver.java:622)\r\n\tat org.openqa.selenium.remote.RemoteWebDriver.getScreenshotAs(RemoteWebDriver.java:334)\r\n\tat utils.SeleniumUtils.takeScreenshot(SeleniumUtils.java:100)\r\n\tat StepDefinitions.LoginPageTest.tearDown(LoginPageTest.java:49)\r\n","duration":5996500,"status":"failed"},"match":{"location":"StepDefinitions.LoginPageTest.tearDown(io.cucumber.java.Scenario)"}}],"type":"scenario","keyword":"Scenario","steps":[{"result":{"status":"skipped"},"line":10,"name":"Verify the Loginpage title","match":{"location":"StepDefinitions.LoginPageTest.verifyLoginPageTitle()"},"keyword":"Given "},{"result":{"status":"skipped"},"line":11,"name":"User logged into the application","match":{"location":"StepDefinitions.LoginPageTest.userLoggedIntoApplication()"},"keyword":"Then "}],"tags":[{"name":"@sanity"},{"name":"@TC002"}]},{"start_timestamp":"2025-09-19T06:33:59.193Z","before":[{"result":{"error_message":"java.lang.RuntimeException: Browser not specified in config.properties\r\n\tat base.BaseTest.launchBrowser(BaseTest.java:40)\r\n\tat StepDefinitions.LoginPageTest.setUp(LoginPageTest.java:31)\r\n","status":"failed"},"match":{"location":"StepDefinitions.LoginPageTest.setUp(io.cucumber.java.Scenario)"}}],"line":15,"name":"Validate Home Page Features","description":"","id":"test-the-saucedemo-user-login;validate-home-page-features","after":[{"result":{"error_message":"org.openqa.selenium.NoSuchSessionException: Session ID is null. Using WebDriver after calling quit()?\nBuild info: version: '4.25.0', revision: '8a8aea2337'\nSystem info: os.name: 'Windows 11', os.arch: 'amd64', os.version: '10.0', java.version: '22.0.2'\nDriver info: org.openqa.selenium.chrome.ChromeDriver\nCommand: [null, screenshot {}]\nCapabilities {acceptInsecureCerts: false, browserName: chrome, browserVersion: 140.0.7339.128, chrome: {chromedriverVersion: 140.0.7339.82 (bc93617e21c3..., userDataDir: C:\\Users\\thiru\\AppData\\Loca...}, fedcm:accounts: true, goog:chromeOptions: {debuggerAddress: localhost:55641}, networkConnectionEnabled: false, pageLoadStrategy: normal, platformName: windows, proxy: Proxy(), se:cdp: ws://localhost:55641/devtoo..., se:cdpVersion: 140.0.7339.128, setWindowRect: true, strictFileInteractability: false, timeouts: {implicit: 0, pageLoad: 300000, script: 30000}, unhandledPromptBehavior: dismiss and notify, webauthn:extension:credBlob: true, webauthn:extension:largeBlob: true, webauthn:extension:minPinLength: true, webauthn:extension:prf: true, webauthn:virtualAuthenticators: true}\r\n\tat org.openqa.selenium.remote.HttpCommandExecutor.execute(HttpCommandExecutor.java:151)\r\n\tat org.openqa.selenium.remote.service.DriverCommandExecutor.invokeExecute(DriverCommandExecutor.java:216)\r\n\tat org.openqa.selenium.remote.service.DriverCommandExecutor.execute(DriverCommandExecutor.java:174)\r\n\tat org.openqa.selenium.remote.RemoteWebDriver.execute(RemoteWebDriver.java:545)\r\n\tat org.openqa.selenium.remote.RemoteWebDriver.execute(RemoteWebDriver.java:618)\r\n\tat org.openqa.selenium.remote.RemoteWebDriver.execute(RemoteWebDriver.java:622)\r\n\tat org.openqa.selenium.remote.RemoteWebDriver.getScreenshotAs(RemoteWebDriver.java:334)\r\n\tat utils.SeleniumUtils.takeScreenshot(SeleniumUtils.java:100)\r\n\tat StepDefinitions.LoginPageTest.tearDown(LoginPageTest.java:49)\r\n","duration":965700,"status":"failed"},"match":{"location":"StepDefinitions.LoginPageTest.tearDown(io.cucumber.java.Scenario)"}}],"type":"scenario","keyword":"Scenario","steps":[{"result":{"status":"skipped"},"line":16,"name":"user should see the correct title","match":{"location":"StepDefinitions.LoginPageTest.userShouldSeeCorrectTitle()"},"keyword":"Given "},{"result":{"status":"skipped"},"line":17,"name":"user check All Link and Button","match":{"location":"StepDefinitions.LoginPageTest.userCheckAllLinksAndButtons()"},"keyword":"When "},{"result":{"status":"skipped"},"line":18,"name":"Verify password change functionality","match":{"location":"StepDefinitions.LoginPageTest.verifyPasswordChangeFunctionality()"},"keyword":"Then "}],"tags":[{"name":"@sanity"},{"name":"@TC003"}]},{"start_timestamp":"2025-09-19T06:33:59.209Z","before":[{"result":{"error_message":"java.lang.RuntimeException: Browser not specified in config.properties\r\n\tat base.BaseTest.launchBrowser(BaseTest.java:40)\r\n\tat StepDefinitions.LoginPageTest.setUp(LoginPageTest.java:31)\r\n","status":"failed"},"match":{"location":"StepDefinitions.LoginPageTest.setUp(io.cucumber.java.Scenario)"}}],"line":21,"name":"Validate Desktop Page","description":"","id":"test-the-saucedemo-user-login;validate-desktop-page","after":[{"result":{"error_message":"org.openqa.selenium.NoSuchSessionException: Session ID is null. Using WebDriver after calling quit()?\nBuild info: version: '4.25.0', revision: '8a8aea2337'\nSystem info: os.name: 'Windows 11', os.arch: 'amd64', os.version: '10.0', java.version: '22.0.2'\nDriver info: org.openqa.selenium.chrome.ChromeDriver\nCommand: [null, screenshot {}]\nCapabilities {acceptInsecureCerts: false, browserName: chrome, browserVersion: 140.0.7339.128, chrome: {chromedriverVersion: 140.0.7339.82 (bc93617e21c3..., userDataDir: C:\\Users\\thiru\\AppData\\Loca...}, fedcm:accounts: true, goog:chromeOptions: {debuggerAddress: localhost:55641}, networkConnectionEnabled: false, pageLoadStrategy: normal, platformName: windows, proxy: Proxy(), se:cdp: ws://localhost:55641/devtoo..., se:cdpVersion: 140.0.7339.128, setWindowRect: true, strictFileInteractability: false, timeouts: {implicit: 0, pageLoad: 300000, script: 30000}, unhandledPromptBehavior: dismiss and notify, webauthn:extension:credBlob: true, webauthn:extension:largeBlob: true, webauthn:extension:minPinLength: true, webauthn:extension:prf: true, webauthn:virtualAuthenticators: true}\r\n\tat org.openqa.selenium.remote.HttpCommandExecutor.execute(HttpCommandExecutor.java:151)\r\n\tat org.openqa.selenium.remote.service.DriverCommandExecutor.invokeExecute(DriverCommandExecutor.java:216)\r\n\tat org.openqa.selenium.remote.service.DriverCommandExecutor.execute(DriverCommandExecutor.java:174)\r\n\tat org.openqa.selenium.remote.RemoteWebDriver.execute(RemoteWebDriver.java:545)\r\n\tat org.openqa.selenium.remote.RemoteWebDriver.execute(RemoteWebDriver.java:618)\r\n\tat org.openqa.selenium.remote.RemoteWebDriver.execute(RemoteWebDriver.java:622)\r\n\tat org.openqa.selenium.remote.RemoteWebDriver.getScreenshotAs(RemoteWebDriver.java:334)\r\n\tat utils.SeleniumUtils.takeScreenshot(SeleniumUtils.java:100)\r\n\tat StepDefinitions.LoginPageTest.tearDown(LoginPageTest.java:49)\r\n","duration":1000800,"status":"failed"},"match":{"location":"StepDefinitions.LoginPageTest.tearDown(io.cucumber.java.Scenario)"}}],"type":"scenario","keyword":"Scenario","steps":[{"result":{"status":"skipped"},"line":22,"name":"user navigates to Desktop Page","match":{"location":"StepDefinitions.LoginPageTest.userNavigatesToDesktopPage()"},"keyword":"Given "},{"result":{"status":"skipped"},"line":23,"name":"Verify the DesktopPage Title","match":{"location":"StepDefinitions.LoginPageTest.verifyDesktopPageTitle()"},"keyword":"When "},{"result":{"status":"skipped"},"line":24,"name":"Verify desktop items are displayed","match":{"location":"StepDefinitions.LoginPageTest.verifyDesktopItemsDisplayed()"},"keyword":"Then "},{"result":{"status":"skipped"},"line":25,"name":"user Add item to AddtoCard and WishList","match":{"location":"StepDefinitions.LoginPageTest.userAddItemToCartAndWishlist()"},"keyword":"And "}],"tags":[{"name":"@sanity"},{"name":"@TC004"}]},{"start_timestamp":"2025-09-19T06:33:59.230Z","before":[{"result":{"error_message":"java.lang.RuntimeException: Browser not specified in config.properties\r\n\tat base.BaseTest.launchBrowser(BaseTest.java:40)\r\n\tat StepDefinitions.LoginPageTest.setUp(LoginPageTest.java:31)\r\n","status":"failed"},"match":{"location":"StepDefinitions.LoginPageTest.setUp(io.cucumber.java.Scenario)"}}],"line":28,"name":"Validate Shopping Page","description":"","id":"test-the-saucedemo-user-login;validate-shopping-page","after":[{"result":{"error_message":"org.openqa.selenium.NoSuchSessionException: Session ID is null. Using WebDriver after calling quit()?\nBuild info: version: '4.25.0', revision: '8a8aea2337'\nSystem info: os.name: 'Windows 11', os.arch: 'amd64', os.version: '10.0', java.version: '22.0.2'\nDriver info: org.openqa.selenium.chrome.ChromeDriver\nCommand: [null, screenshot {}]\nCapabilities {acceptInsecureCerts: false, browserName: chrome, browserVersion: 140.0.7339.128, chrome: {chromedriverVersion: 140.0.7339.82 (bc93617e21c3..., userDataDir: C:\\Users\\thiru\\AppData\\Loca...}, fedcm:accounts: true, goog:chromeOptions: {debuggerAddress: localhost:55641}, networkConnectionEnabled: false, pageLoadStrategy: normal, platformName: windows, proxy: Proxy(), se:cdp: ws://localhost:55641/devtoo..., se:cdpVersion: 140.0.7339.128, setWindowRect: true, strictFileInteractability: false, timeouts: {implicit: 0, pageLoad: 300000, script: 30000}, unhandledPromptBehavior: dismiss and notify, webauthn:extension:credBlob: true, webauthn:extension:largeBlob: true, webauthn:extension:minPinLength: true, webauthn:extension:prf: true, webauthn:virtualAuthenticators: true}\r\n\tat org.openqa.selenium.remote.HttpCommandExecutor.execute(HttpCommandExecutor.java:151)\r\n\tat org.openqa.selenium.remote.service.DriverCommandExecutor.invokeExecute(DriverCommandExecutor.java:216)\r\n\tat org.openqa.selenium.remote.service.DriverCommandExecutor.execute(DriverCommandExecutor.java:174)\r\n\tat org.openqa.selenium.remote.RemoteWebDriver.execute(RemoteWebDriver.java:545)\r\n\tat org.openqa.selenium.remote.RemoteWebDriver.execute(RemoteWebDriver.java:618)\r\n\tat org.openqa.selenium.remote.RemoteWebDriver.execute(RemoteWebDriver.java:622)\r\n\tat org.openqa.selenium.remote.RemoteWebDriver.getScreenshotAs(RemoteWebDriver.java:334)\r\n\tat utils.SeleniumUtils.takeScreenshot(SeleniumUtils.java:100)\r\n\tat StepDefinitions.LoginPageTest.tearDown(LoginPageTest.java:49)\r\n","duration":993200,"status":"failed"},"match":{"location":"StepDefinitions.LoginPageTest.tearDown(io.cucumber.java.Scenario)"}}],"type":"scenario","keyword":"Scenario","steps":[{"result":{"status":"skipped"},"line":29,"name":"user navigates to Shopping Page","match":{"location":"StepDefinitions.LoginPageTest.userNavigatesToShoppingPage()"},"keyword":"Given "},{"result":{"status":"skipped"},"line":30,"name":"Verify the ShoppingPage Title","match":{"location":"StepDefinitions.LoginPageTest.verifyShoppingPageTitle()"},"keyword":"When "},{"result":{"status":"skipped"},"line":31,"name":"user can update cart","match":{"location":"StepDefinitions.LoginPageTest.userCanUpdateCart()"},"keyword":"Then "},{"result":{"status":"skipped"},"line":32,"name":"user can check delivery cost","match":{"location":"StepDefinitions.LoginPageTest.userCanCheckDeliveryCost()"},"keyword":"And "}],"tags":[{"name":"@sanity"},{"name":"@TC005"}]},{"start_timestamp":"2025-09-19T06:33:59.246Z","before":[{"result":{"error_message":"java.lang.RuntimeException: Browser not specified in config.properties\r\n\tat base.BaseTest.launchBrowser(BaseTest.java:40)\r\n\tat StepDefinitions.LoginPageTest.setUp(LoginPageTest.java:31)\r\n","duration":998800,"status":"failed"},"match":{"location":"StepDefinitions.LoginPageTest.setUp(io.cucumber.java.Scenario)"}}],"line":35,"name":"Validate Address Book Page","description":"","id":"test-the-saucedemo-user-login;validate-address-book-page","after":[{"result":{"error_message":"org.openqa.selenium.NoSuchSessionException: Session ID is null. Using WebDriver after calling quit()?\nBuild info: version: '4.25.0', revision: '8a8aea2337'\nSystem info: os.name: 'Windows 11', os.arch: 'amd64', os.version: '10.0', java.version: '22.0.2'\nDriver info: org.openqa.selenium.chrome.ChromeDriver\nCommand: [null, screenshot {}]\nCapabilities {acceptInsecureCerts: false, browserName: chrome, browserVersion: 140.0.7339.128, chrome: {chromedriverVersion: 140.0.7339.82 (bc93617e21c3..., userDataDir: C:\\Users\\thiru\\AppData\\Loca...}, fedcm:accounts: true, goog:chromeOptions: {debuggerAddress: localhost:55641}, networkConnectionEnabled: false, pageLoadStrategy: normal, platformName: windows, proxy: Proxy(), se:cdp: ws://localhost:55641/devtoo..., se:cdpVersion: 140.0.7339.128, setWindowRect: true, strictFileInteractability: false, timeouts: {implicit: 0, pageLoad: 300000, script: 30000}, unhandledPromptBehavior: dismiss and notify, webauthn:extension:credBlob: true, webauthn:extension:largeBlob: true, webauthn:extension:minPinLength: true, webauthn:extension:prf: true, webauthn:virtualAuthenticators: true}\r\n\tat org.openqa.selenium.remote.HttpCommandExecutor.execute(HttpCommandExecutor.java:151)\r\n\tat org.openqa.selenium.remote.service.DriverCommandExecutor.invokeExecute(DriverCommandExecutor.java:216)\r\n\tat org.openqa.selenium.remote.service.DriverCommandExecutor.execute(DriverCommandExecutor.java:174)\r\n\tat org.openqa.selenium.remote.RemoteWebDriver.execute(RemoteWebDriver.java:545)\r\n\tat org.openqa.selenium.remote.RemoteWebDriver.execute(RemoteWebDriver.java:618)\r\n\tat org.openqa.selenium.remote.RemoteWebDriver.execute(RemoteWebDriver.java:622)\r\n\tat org.openqa.selenium.remote.RemoteWebDriver.getScreenshotAs(RemoteWebDriver.java:334)\r\n\tat utils.SeleniumUtils.takeScreenshot(SeleniumUtils.java:100)\r\n\tat StepDefinitions.LoginPageTest.tearDown(LoginPageTest.java:49)\r\n","duration":1015800,"status":"failed"},"match":{"location":"StepDefinitions.LoginPageTest.tearDown(io.cucumber.java.Scenario)"}}],"type":"scenario","keyword":"Scenario","steps":[{"result":{"status":"skipped"},"line":36,"name":"user navigates to Address Book Page","match":{"location":"StepDefinitions.LoginPageTest.userNavigatesToAddressBookPage()"},"keyword":"Given "},{"result":{"status":"skipped"},"line":37,"name":"Verify the AddressBookPage Title","match":{"location":"StepDefinitions.LoginPageTest.verifyAddressBookPageTitle()"},"keyword":"When "},{"result":{"status":"skipped"},"line":38,"name":"Check All Button is Enable","match":{"location":"StepDefinitions.LoginPageTest.checkAllButtonsEnabled()"},"keyword":"Then "},{"result":{"status":"skipped"},"line":39,"name":"user can set edit details","match":{"location":"StepDefinitions.LoginPageTest.userCanSetEditDetails()"},"keyword":"And "}],"tags":[{"name":"@sanity"},{"name":"@TC006"}]},{"start_timestamp":"2025-09-19T06:33:59.267Z","before":[{"result":{"error_message":"java.lang.RuntimeException: Browser not specified in config.properties\r\n\tat base.BaseTest.launchBrowser(BaseTest.java:40)\r\n\tat StepDefinitions.LoginPageTest.setUp(LoginPageTest.java:31)\r\n","status":"failed"},"match":{"location":"StepDefinitions.LoginPageTest.setUp(io.cucumber.java.Scenario)"}}],"line":47,"name":"Login using multiple  username and password","description":"","id":"test-the-saucedemo-user-login;login-using-multiple--username-and-password;;2","after":[{"result":{"error_message":"org.openqa.selenium.NoSuchSessionException: Session ID is null. Using WebDriver after calling quit()?\nBuild info: version: '4.25.0', revision: '8a8aea2337'\nSystem info: os.name: 'Windows 11', os.arch: 'amd64', os.version: '10.0', java.version: '22.0.2'\nDriver info: org.openqa.selenium.chrome.ChromeDriver\nCommand: [null, screenshot {}]\nCapabilities {acceptInsecureCerts: false, browserName: chrome, browserVersion: 140.0.7339.128, chrome: {chromedriverVersion: 140.0.7339.82 (bc93617e21c3..., userDataDir: C:\\Users\\thiru\\AppData\\Loca...}, fedcm:accounts: true, goog:chromeOptions: {debuggerAddress: localhost:55641}, networkConnectionEnabled: false, pageLoadStrategy: normal, platformName: windows, proxy: Proxy(), se:cdp: ws://localhost:55641/devtoo..., se:cdpVersion: 140.0.7339.128, setWindowRect: true, strictFileInteractability: false, timeouts: {implicit: 0, pageLoad: 300000, script: 30000}, unhandledPromptBehavior: dismiss and notify, webauthn:extension:credBlob: true, webauthn:extension:largeBlob: true, webauthn:extension:minPinLength: true, webauthn:extension:prf: true, webauthn:virtualAuthenticators: true}\r\n\tat org.openqa.selenium.remote.HttpCommandExecutor.execute(HttpCommandExecutor.java:151)\r\n\tat org.openqa.selenium.remote.service.DriverCommandExecutor.invokeExecute(DriverCommandExecutor.java:216)\r\n\tat org.openqa.selenium.remote.service.DriverCommandExecutor.execute(DriverCommandExecutor.java:174)\r\n\tat org.openqa.selenium.remote.RemoteWebDriver.execute(RemoteWebDriver.java:545)\r\n\tat org.openqa.selenium.remote.RemoteWebDriver.execute(RemoteWebDriver.java:618)\r\n\tat org.openqa.selenium.remote.RemoteWebDriver.execute(RemoteWebDriver.java:622)\r\n\tat org.openqa.selenium.remote.RemoteWebDriver.getScreenshotAs(RemoteWebDriver.java:334)\r\n\tat utils.SeleniumUtils.takeScreenshot(SeleniumUtils.java:100)\r\n\tat StepDefinitions.LoginPageTest.tearDown(LoginPageTest.java:49)\r\n","duration":1995500,"status":"failed"},"match":{"location":"StepDefinitions.LoginPageTest.tearDown(io.cucumber.java.Scenario)"}}],"type":"scenario","keyword":"Scenario Outline","steps":[{"result":{"status":"skipped"},"line":43,"name":"User Enter the username \"onepiece@gmail.com\" and password \"aceluffy\"","match":{"arguments":[{"val":"\"onepiece@gmail.com\"","offset":24},{"val":"\"aceluffy\"","offset":58}],"location":"StepDefinitions.LoginPageTest.userEnterCredentials(java.lang.String,java.lang.String)"},"keyword":"Given "},{"result":{"status":"skipped"},"line":44,"name":"Verify the homepage title","match":{"location":"StepDefinitions.LoginPageTest.verifyHomepageTitle()"},"keyword":"Then "}],"tags":[{"name":"@sanity"},{"name":"@TC007"}]},{"start_timestamp":"2025-09-19T06:33:59.283Z","before":[{"result":{"error_message":"java.lang.RuntimeException: Browser not specified in config.properties\r\n\tat base.BaseTest.launchBrowser(BaseTest.java:40)\r\n\tat StepDefinitions.LoginPageTest.setUp(LoginPageTest.java:31)\r\n","status":"failed"},"match":{"location":"StepDefinitions.LoginPageTest.setUp(io.cucumber.java.Scenario)"}}],"line":48,"name":"Login using multiple  username and password","description":"","id":"test-the-saucedemo-user-login;login-using-multiple--username-and-password;;3","after":[{"result":{"error_message":"org.openqa.selenium.NoSuchSessionException: Session ID is null. Using WebDriver after calling quit()?\nBuild info: version: '4.25.0', revision: '8a8aea2337'\nSystem info: os.name: 'Windows 11', os.arch: 'amd64', os.version: '10.0', java.version: '22.0.2'\nDriver info: org.openqa.selenium.chrome.ChromeDriver\nCommand: [null, screenshot {}]\nCapabilities {acceptInsecureCerts: false, browserName: chrome, browserVersion: 140.0.7339.128, chrome: {chromedriverVersion: 140.0.7339.82 (bc93617e21c3..., userDataDir: C:\\Users\\thiru\\AppData\\Loca...}, fedcm:accounts: true, goog:chromeOptions: {debuggerAddress: localhost:55641}, networkConnectionEnabled: false, pageLoadStrategy: normal, platformName: windows, proxy: Proxy(), se:cdp: ws://localhost:55641/devtoo..., se:cdpVersion: 140.0.7339.128, setWindowRect: true, strictFileInteractability: false, timeouts: {implicit: 0, pageLoad: 300000, script: 30000}, unhandledPromptBehavior: dismiss and notify, webauthn:extension:credBlob: true, webauthn:extension:largeBlob: true, webauthn:extension:minPinLength: true, webauthn:extension:prf: true, webauthn:virtualAuthenticators: true}\r\n\tat org.openqa.selenium.remote.HttpCommandExecutor.execute(HttpCommandExecutor.java:151)\r\n\tat org.openqa.selenium.remote.service.DriverCommandExecutor.invokeExecute(DriverCommandExecutor.java:216)\r\n\tat org.openqa.selenium.remote.service.DriverCommandExecutor.execute(DriverCommandExecutor.java:174)\r\n\tat org.openqa.selenium.remote.RemoteWebDriver.execute(RemoteWebDriver.java:545)\r\n\tat org.openqa.selenium.remote.RemoteWebDriver.execute(RemoteWebDriver.java:618)\r\n\tat org.openqa.selenium.remote.RemoteWebDriver.execute(RemoteWebDriver.java:622)\r\n\tat org.openqa.selenium.remote.RemoteWebDriver.getScreenshotAs(RemoteWebDriver.java:334)\r\n\tat utils.SeleniumUtils.takeScreenshot(SeleniumUtils.java:100)\r\n\tat StepDefinitions.LoginPageTest.tearDown(LoginPageTest.java:49)\r\n","duration":998200,"status":"failed"},"match":{"location":"StepDefinitions.LoginPageTest.tearDown(io.cucumber.java.Scenario)"}}],"type":"scenario","keyword":"Scenario Outline","steps":[{"result":{"status":"skipped"},"line":43,"name":"User Enter the username \"rock65@gmail.com\" and password \"wwebrocklesnar\"","match":{"arguments":[{"val":"\"rock65@gmail.com\"","offset":24},{"val":"\"wwebrocklesnar\"","offset":56}],"location":"StepDefinitions.LoginPageTest.userEnterCredentials(java.lang.String,java.lang.String)"},"keyword":"Given "},{"result":{"status":"skipped"},"line":44,"name":"Verify the homepage title","match":{"location":"StepDefinitions.LoginPageTest.verifyHomepageTitle()"},"keyword":"Then "}],"tags":[{"name":"@sanity"},{"name":"@TC007"}]},{"start_timestamp":"2025-09-19T06:33:59.302Z","before":[{"result":{"error_message":"java.lang.RuntimeException: Browser not specified in config.properties\r\n\tat base.BaseTest.launchBrowser(BaseTest.java:40)\r\n\tat StepDefinitions.LoginPageTest.setUp(LoginPageTest.java:31)\r\n","duration":976800,"status":"failed"},"match":{"location":"StepDefinitions.LoginPageTest.setUp(io.cucumber.java.Scenario)"}}],"line":52,"name":"Register, Login, and Validate All Major Features","description":"","id":"test-the-saucedemo-user-login;register--login--and-validate-all-major-features","after":[{"result":{"error_message":"org.openqa.selenium.NoSuchSessionException: Session ID is null. Using WebDriver after calling quit()?\nBuild info: version: '4.25.0', revision: '8a8aea2337'\nSystem info: os.name: 'Windows 11', os.arch: 'amd64', os.version: '10.0', java.version: '22.0.2'\nDriver info: org.openqa.selenium.chrome.ChromeDriver\nCommand: [null, screenshot {}]\nCapabilities {acceptInsecureCerts: false, browserName: chrome, browserVersion: 140.0.7339.128, chrome: {chromedriverVersion: 140.0.7339.82 (bc93617e21c3..., userDataDir: C:\\Users\\thiru\\AppData\\Loca...}, fedcm:accounts: true, goog:chromeOptions: {debuggerAddress: localhost:55641}, networkConnectionEnabled: false, pageLoadStrategy: normal, platformName: windows, proxy: Proxy(), se:cdp: ws://localhost:55641/devtoo..., se:cdpVersion: 140.0.7339.128, setWindowRect: true, strictFileInteractability: false, timeouts: {implicit: 0, pageLoad: 300000, script: 30000}, unhandledPromptBehavior: dismiss and notify, webauthn:extension:credBlob: true, webauthn:extension:largeBlob: true, webauthn:extension:minPinLength: true, webauthn:extension:prf: true, webauthn:virtualAuthenticators: true}\r\n\tat org.openqa.selenium.remote.HttpCommandExecutor.execute(HttpCommandExecutor.java:151)\r\n\tat org.openqa.selenium.remote.service.DriverCommandExecutor.invokeExecute(DriverCommandExecutor.java:216)\r\n\tat org.openqa.selenium.remote.service.DriverCommandExecutor.execute(DriverCommandExecutor.java:174)\r\n\tat org.openqa.selenium.remote.RemoteWebDriver.execute(RemoteWebDriver.java:545)\r\n\tat org.openqa.selenium.remote.RemoteWebDriver.execute(RemoteWebDriver.java:618)\r\n\tat org.openqa.selenium.remote.RemoteWebDriver.execute(RemoteWebDriver.java:622)\r\n\tat org.openqa.selenium.remote.RemoteWebDriver.getScreenshotAs(RemoteWebDriver.java:334)\r\n\tat utils.SeleniumUtils.takeScreenshot(SeleniumUtils.java:100)\r\n\tat StepDefinitions.LoginPageTest.tearDown(LoginPageTest.java:49)\r\n","duration":1004800,"status":"failed"},"match":{"location":"StepDefinitions.LoginPageTest.tearDown(io.cucumber.java.Scenario)"}}],"type":"scenario","keyword":"Scenario","steps":[{"result":{"status":"skipped"},"line":53,"name":"user navigates to Register Page","match":{"location":"StepDefinitions.LoginPageTest.userNavigatesToRegisterPage()"},"keyword":"Given "},{"result":{"status":"skipped"},"line":54,"name":"Verify the RegisterPage Title","match":{"location":"StepDefinitions.LoginPageTest.verifyRegisterPageTitle()"},"keyword":"When "},{"result":{"status":"skipped"},"line":55,"name":"Enter Valid details","match":{"location":"StepDefinitions.LoginPageTest.enterValidDetails()"},"keyword":"Then "},{"result":{"duration":3999900,"status":"skipped"},"line":57,"name":"Verify the Loginpage title","match":{"location":"StepDefinitions.LoginPageTest.verifyLoginPageTitle()"},"keyword":"Given "},{"result":{"status":"skipped"},"line":58,"name":"User logged into the application","match":{"location":"StepDefinitions.LoginPageTest.userLoggedIntoApplication()"},"keyword":"Then "},{"result":{"status":"skipped"},"line":60,"name":"Verify password change functionality","match":{"location":"StepDefinitions.LoginPageTest.verifyPasswordChangeFunctionality()"},"keyword":"Then "},{"result":{"status":"skipped"},"line":62,"name":"user Add item to AddtoCard and WishList","match":{"location":"StepDefinitions.LoginPageTest.userAddItemToCartAndWishlist()"},"keyword":"And "},{"result":{"status":"skipped"},"line":64,"name":"Verify the ShoppingPage Title","match":{"location":"StepDefinitions.LoginPageTest.verifyShoppingPageTitle()"},"keyword":"When "},{"result":{"status":"skipped"},"line":65,"name":"user can update cart","match":{"location":"StepDefinitions.LoginPageTest.userCanUpdateCart()"},"keyword":"Then "},{"result":{"status":"skipped"},"line":66,"name":"user can check delivery cost","match":{"location":"StepDefinitions.LoginPageTest.userCanCheckDeliveryCost()"},"keyword":"And "},{"result":{"status":"skipped"},"line":68,"name":"user navigates to Address Book Page","match":{"location":"StepDefinitions.LoginPageTest.userNavigatesToAddressBookPage()"},"keyword":"Given "},{"result":{"status":"skipped"},"line":69,"name":"Verify the AddressBookPage Title","match":{"location":"StepDefinitions.LoginPageTest.verifyAddressBookPageTitle()"},"keyword":"When "},{"result":{"status":"skipped"},"line":70,"name":"Check All Button is Enable","match":{"location":"StepDefinitions.LoginPageTest.checkAllButtonsEnabled()"},"keyword":"Then "},{"result":{"status":"skipped"},"line":71,"name":"user can set edit details","match":{"location":"StepDefinitions.LoginPageTest.userCanSetEditDetails()"},"keyword":"And "}],"tags":[{"name":"@sanity"},{"name":"@regression"},{"name":"@endFlow"}]}],"name":"Test the SauceDemo user login","description":"","id":"test-the-saucedemo-user-login","keyword":"Feature","uri":"file:src/test/resources/Features/LoginPage.feature","tags":[]}]